<?xml version="1.0" encoding="UTF-8"?>
<!-- Generated by org.testng.reporters.JUnitReportReporter -->
<testsuite skipped="0" hostname="DESKTOP-HL6O663" name="testCases.LoginTest" tests="4" failures="0" timestamp="2021-10-23T14:33:13 EDT" time="12.140" errors="0">
  <testcase name="invalidLoginErrorMessageValidation" time="2.662" classname="testCases.LoginTest"/>
  <system-out/>
  <testcase name="invalidLoginErrorMessageValidation" time="2.884" classname="testCases.LoginTest"/>
  <system-out/>
  <testcase name="invalidLoginErrorMessageValidation" time="2.983" classname="testCases.LoginTest"/>
  <system-out/>
  <testcase name="invalidLoginErrorMessageValidation" time="3.611" classname="testCases.LoginTest"/>
  <system-out/>
</testsuite> <!-- testCases.LoginTest -->
